# JRE version: Java(TM) SE Runtime Environment (8.0_40-b26) (build 1.8.0_40-b26)
# Java VM: Java HotSpot(TM) 64-Bit Server VM (25.40-b25 mixed mode windows-amd64 compressed oops)
Heap:
 PSYoungGen      total 17408K, used 13504K [0x00000000ecc00000, 0x00000000ee280000, 0x0000000100000000)
  eden space 13312K, 82% used [0x00000000ecc00000,0x00000000ed6baa10,0x00000000ed900000)
  from space 4096K, 61% used [0x00000000edd80000,0x00000000edff5870,0x00000000ee180000)
  to   space 4608K, 0% used [0x00000000ed900000,0x00000000ed900000,0x00000000edd80000)
 ParOldGen       total 49152K, used 31991K [0x00000000c6400000, 0x00000000c9400000, 0x00000000ecc00000)
  object space 49152K, 65% used [0x00000000c6400000,0x00000000c833df08,0x00000000c9400000)
 Metaspace       used 14319K, capacity 14548K, committed 14848K, reserved 1062912K
  class space    used 1883K, capacity 1936K, committed 2048K, reserved 1048576K
GC Heap History (10 events):
Event: 4465.388 GC heap before
{Heap before GC invocations=69 (full 1):
 PSYoungGen      total 17408K, used 17270K [0x00000000ecc00000, 0x00000000ee080000, 0x0000000100000000)
  eden space 14848K, 100% used [0x00000000ecc00000,0x00000000eda80000,0x00000000eda80000)
  from space 2560K, 94% used [0x00000000eda80000,0x00000000edcdd860,0x00000000edd00000)
  to   space 3072K, 0% used [0x00000000edd80000,0x00000000edd80000,0x00000000ee080000)
 ParOldGen       total 49152K, used 21297K [0x00000000c6400000, 0x00000000c9400000, 0x00000000ecc00000)
  object space 49152K, 43% used [0x00000000c6400000,0x00000000c78cc528,0x00000000c9400000)
 Metaspace       used 14319K, capacity 14548K, committed 14848K, reserved 1062912K
  class space    used 1883K, capacity 1936K, committed 2048K, reserved 1048576K
Event: 4465.395 GC heap after
Heap after GC invocations=69 (full 1):
 PSYoungGen      total 17408K, used 2390K [0x00000000ecc00000, 0x00000000ee180000, 0x0000000100000000)
  eden space 14336K, 0% used [0x00000000ecc00000,0x00000000ecc00000,0x00000000eda00000)
  from space 3072K, 77% used [0x00000000edd80000,0x00000000edfd5860,0x00000000ee080000)
  to   space 3584K, 0% used [0x00000000eda00000,0x00000000eda00000,0x00000000edd80000)
 ParOldGen       total 49152K, used 23423K [0x00000000c6400000, 0x00000000c9400000, 0x00000000ecc00000)
  object space 49152K, 47% used [0x00000000c6400000,0x00000000c7adfd88,0x00000000c9400000)
 Metaspace       used 14319K, capacity 14548K, committed 14848K, reserved 1062912K
  class space    used 1883K, capacity 1936K, committed 2048K, reserved 1048576K
}
Event: 4514.636 GC heap before
{Heap before GC invocations=70 (full 1):
 PSYoungGen      total 17408K, used 16726K [0x00000000ecc00000, 0x00000000ee180000, 0x0000000100000000)
  eden space 14336K, 100% used [0x00000000ecc00000,0x00000000eda00000,0x00000000eda00000)
  from space 3072K, 77% used [0x00000000edd80000,0x00000000edfd5860,0x00000000ee080000)
  to   space 3584K, 0% used [0x00000000eda00000,0x00000000eda00000,0x00000000edd80000)
 ParOldGen       total 49152K, used 23423K [0x00000000c6400000, 0x00000000c9400000, 0x00000000ecc00000)
  object space 49152K, 47% used [0x00000000c6400000,0x00000000c7adfd88,0x00000000c9400000)
 Metaspace       used 14319K, capacity 14548K, committed 14848K, reserved 1062912K
  class space    used 1883K, capacity 1936K, committed 2048K, reserved 1048576K
Event: 4514.641 GC heap after
Heap after GC invocations=70 (full 1):
 PSYoungGen      total 17920K, used 2422K [0x00000000ecc00000, 0x00000000ee100000, 0x0000000100000000)
  eden space 14336K, 0% used [0x00000000ecc00000,0x00000000ecc00000,0x00000000eda00000)
  from space 3584K, 67% used [0x00000000eda00000,0x00000000edc5d860,0x00000000edd80000)
  to   space 3584K, 0% used [0x00000000edd80000,0x00000000edd80000,0x00000000ee100000)
 ParOldGen       total 49152K, used 25557K [0x00000000c6400000, 0x00000000c9400000, 0x00000000ecc00000)
  object space 49152K, 51% used [0x00000000c6400000,0x00000000c7cf55e8,0x00000000c9400000)
 Metaspace       used 14319K, capacity 14548K, committed 14848K, reserved 1062912K
  class space    used 1883K, capacity 1936K, committed 2048K, reserved 1048576K
}
Event: 4568.133 GC heap before
{Heap before GC invocations=71 (full 1):
 PSYoungGen      total 17920K, used 16758K [0x00000000ecc00000, 0x00000000ee100000, 0x0000000100000000)
  eden space 14336K, 100% used [0x00000000ecc00000,0x00000000eda00000,0x00000000eda00000)
  from space 3584K, 67% used [0x00000000eda00000,0x00000000edc5d860,0x00000000edd80000)
  to   space 3584K, 0% used [0x00000000edd80000,0x00000000edd80000,0x00000000ee100000)
 ParOldGen       total 49152K, used 25557K [0x00000000c6400000, 0x00000000c9400000, 0x00000000ecc00000)
  object space 49152K, 51% used [0x00000000c6400000,0x00000000c7cf55e8,0x00000000c9400000)
 Metaspace       used 14319K, capacity 14548K, committed 14848K, reserved 1062912K
  class space    used 1883K, capacity 1936K, committed 2048K, reserved 1048576K
Event: 4568.139 GC heap after
Heap after GC invocations=71 (full 1):
 PSYoungGen      total 17408K, used 2486K [0x00000000ecc00000, 0x00000000ee200000, 0x0000000100000000)
  eden space 13824K, 0% used [0x00000000ecc00000,0x00000000ecc00000,0x00000000ed980000)
  from space 3584K, 69% used [0x00000000edd80000,0x00000000edfed870,0x00000000ee100000)
  to   space 4096K, 0% used [0x00000000ed980000,0x00000000ed980000,0x00000000edd80000)
 ParOldGen       total 49152K, used 27707K [0x00000000c6400000, 0x00000000c9400000, 0x00000000ecc00000)
  object space 49152K, 56% used [0x00000000c6400000,0x00000000c7f0ee48,0x00000000c9400000)
 Metaspace       used 14319K, capacity 14548K, committed 14848K, reserved 1062912K
  class space    used 1883K, capacity 1936K, committed 2048K, reserved 1048576K
}
Event: 4609.885 GC heap before
{Heap before GC invocations=72 (full 1):
 PSYoungGen      total 17408K, used 16310K [0x00000000ecc00000, 0x00000000ee200000, 0x0000000100000000)
  eden space 13824K, 100% used [0x00000000ecc00000,0x00000000ed980000,0x00000000ed980000)
  from space 3584K, 69% used [0x00000000edd80000,0x00000000edfed870,0x00000000ee100000)
  to   space 4096K, 0% used [0x00000000ed980000,0x00000000ed980000,0x00000000edd80000)
 ParOldGen       total 49152K, used 27707K [0x00000000c6400000, 0x00000000c9400000, 0x00000000ecc00000)
  object space 49152K, 56% used [0x00000000c6400000,0x00000000c7f0ee48,0x00000000c9400000)
 Metaspace       used 14319K, capacity 14548K, committed 14848K, reserved 1062912K
  class space    used 1883K, capacity 1936K, committed 2048K, reserved 1048576K
Event: 4609.890 GC heap after
Heap after GC invocations=72 (full 1):
 PSYoungGen      total 17920K, used 2518K [0x00000000ecc00000, 0x00000000ee180000, 0x0000000100000000)
  eden space 13824K, 0% used [0x00000000ecc00000,0x00000000ecc00000,0x00000000ed980000)
  from space 4096K, 61% used [0x00000000ed980000,0x00000000edbf5870,0x00000000edd80000)
  to   space 4096K, 0% used [0x00000000edd80000,0x00000000edd80000,0x00000000ee180000)
 ParOldGen       total 49152K, used 29849K [0x00000000c6400000, 0x00000000c9400000, 0x00000000ecc00000)
  object space 49152K, 60% used [0x00000000c6400000,0x00000000c81266a8,0x00000000c9400000)
 Metaspace       used 14319K, capacity 14548K, committed 14848K, reserved 1062912K
  class space    used 1883K, capacity 1936K, committed 2048K, reserved 1048576K
}
Event: 4671.698 GC heap before
{Heap before GC invocations=73 (full 1):
 PSYoungGen      total 17920K, used 16342K [0x00000000ecc00000, 0x00000000ee180000, 0x0000000100000000)
  eden space 13824K, 100% used [0x00000000ecc00000,0x00000000ed980000,0x00000000ed980000)
  from space 4096K, 61% used [0x00000000ed980000,0x00000000edbf5870,0x00000000edd80000)
  to   space 4096K, 0% used [0x00000000edd80000,0x00000000edd80000,0x00000000ee180000)
 ParOldGen       total 49152K, used 29849K [0x00000000c6400000, 0x00000000c9400000, 0x00000000ecc00000)
  object space 49152K, 60% used [0x00000000c6400000,0x00000000c81266a8,0x00000000c9400000)
 Metaspace       used 14319K, capacity 14548K, committed 14848K, reserved 1062912K
  class space    used 1883K, capacity 1936K, committed 2048K, reserved 1048576K
Event: 4671.703 GC heap after
Heap after GC invocations=73 (full 1):
 PSYoungGen      total 17408K, used 2518K [0x00000000ecc00000, 0x00000000ee280000, 0x0000000100000000)
  eden space 13312K, 0% used [0x00000000ecc00000,0x00000000ecc00000,0x00000000ed900000)
  from space 4096K, 61% used [0x00000000edd80000,0x00000000edff5870,0x00000000ee180000)
  to   space 4608K, 0% used [0x00000000ed900000,0x00000000ed900000,0x00000000edd80000)
 ParOldGen       total 49152K, used 31991K [0x00000000c6400000, 0x00000000c9400000, 0x00000000ecc00000)
  object space 49152K, 65% used [0x00000000c6400000,0x00000000c833df08,0x00000000c9400000)
 Metaspace       used 14319K, capacity 14548K, committed 14848K, reserved 1062912K
  class space    used 1883K, capacity 1936K, committed 2048K, reserved 1048576K
}

