# JRE version: Java(TM) SE Runtime Environment (8.0_40-b26) (build 1.8.0_40-b26)
# Java VM: Java HotSpot(TM) 64-Bit Server VM (25.40-b25 mixed mode windows-amd64 compressed oops)
Heap:
 PSYoungGen      total 20480K, used 4965K [0x00000000ecc00000, 0x00000000ee500000, 0x0000000100000000)
  eden space 15360K, 22% used [0x00000000ecc00000,0x00000000ecf60c10,0x00000000edb00000)
  from space 5120K, 29% used [0x00000000edb00000,0x00000000edc78950,0x00000000ee000000)
  to   space 5120K, 0% used [0x00000000ee000000,0x00000000ee000000,0x00000000ee500000)
 ParOldGen       total 49664K, used 14379K [0x00000000c6400000, 0x00000000c9480000, 0x00000000ecc00000)
  object space 49664K, 28% used [0x00000000c6400000,0x00000000c720ada8,0x00000000c9480000)
 Metaspace       used 14372K, capacity 14580K, committed 14848K, reserved 1062912K
  class space    used 1888K, capacity 1968K, committed 2048K, reserved 1048576K
GC Heap History (10 events):
Event: 1871.794 GC heap before
{Heap before GC invocations=26 (full 1):
 PSYoungGen      total 21504K, used 16866K [0x00000000ecc00000, 0x00000000ee800000, 0x0000000100000000)
  eden space 15360K, 100% used [0x00000000ecc00000,0x00000000edb00000,0x00000000edb00000)
  from space 6144K, 24% used [0x00000000ee200000,0x00000000ee378950,0x00000000ee800000)
  to   space 6656K, 0% used [0x00000000edb00000,0x00000000edb00000,0x00000000ee180000)
 ParOldGen       total 49664K, used 14075K [0x00000000c6400000, 0x00000000c9480000, 0x00000000ecc00000)
  object space 49664K, 28% used [0x00000000c6400000,0x00000000c71beda8,0x00000000c9480000)
 Metaspace       used 14367K, capacity 14580K, committed 14848K, reserved 1062912K
  class space    used 1888K, capacity 1968K, committed 2048K, reserved 1048576K
Event: 1871.797 GC heap after
Heap after GC invocations=26 (full 1):
 PSYoungGen      total 17408K, used 1538K [0x00000000ecc00000, 0x00000000ee700000, 0x0000000100000000)
  eden space 15360K, 0% used [0x00000000ecc00000,0x00000000ecc00000,0x00000000edb00000)
  from space 2048K, 75% used [0x00000000edb00000,0x00000000edc80950,0x00000000edd00000)
  to   space 6144K, 0% used [0x00000000ee100000,0x00000000ee100000,0x00000000ee700000)
 ParOldGen       total 49664K, used 14131K [0x00000000c6400000, 0x00000000c9480000, 0x00000000ecc00000)
  object space 49664K, 28% used [0x00000000c6400000,0x00000000c71ccda8,0x00000000c9480000)
 Metaspace       used 14367K, capacity 14580K, committed 14848K, reserved 1062912K
  class space    used 1888K, capacity 1968K, committed 2048K, reserved 1048576K
}
Event: 1960.538 GC heap before
{Heap before GC invocations=27 (full 1):
 PSYoungGen      total 17408K, used 16898K [0x00000000ecc00000, 0x00000000ee700000, 0x0000000100000000)
  eden space 15360K, 100% used [0x00000000ecc00000,0x00000000edb00000,0x00000000edb00000)
  from space 2048K, 75% used [0x00000000edb00000,0x00000000edc80950,0x00000000edd00000)
  to   space 6144K, 0% used [0x00000000ee100000,0x00000000ee100000,0x00000000ee700000)
 ParOldGen       total 49664K, used 14131K [0x00000000c6400000, 0x00000000c9480000, 0x00000000ecc00000)
  object space 49664K, 28% used [0x00000000c6400000,0x00000000c71ccda8,0x00000000c9480000)
 Metaspace       used 14372K, capacity 14580K, committed 14848K, reserved 1062912K
  class space    used 1888K, capacity 1968K, committed 2048K, reserved 1048576K
Event: 1960.540 GC heap after
Heap after GC invocations=27 (full 1):
 PSYoungGen      total 20480K, used 1570K [0x00000000ecc00000, 0x00000000ee600000, 0x0000000100000000)
  eden space 15360K, 0% used [0x00000000ecc00000,0x00000000ecc00000,0x00000000edb00000)
  from space 5120K, 30% used [0x00000000ee100000,0x00000000ee288950,0x00000000ee600000)
  to   space 5632K, 0% used [0x00000000edb00000,0x00000000edb00000,0x00000000ee080000)
 ParOldGen       total 49664K, used 14187K [0x00000000c6400000, 0x00000000c9480000, 0x00000000ecc00000)
  object space 49664K, 28% used [0x00000000c6400000,0x00000000c71dada8,0x00000000c9480000)
 Metaspace       used 14372K, capacity 14580K, committed 14848K, reserved 1062912K
  class space    used 1888K, capacity 1968K, committed 2048K, reserved 1048576K
}
Event: 2039.350 GC heap before
{Heap before GC invocations=28 (full 1):
 PSYoungGen      total 20480K, used 16930K [0x00000000ecc00000, 0x00000000ee600000, 0x0000000100000000)
  eden space 15360K, 100% used [0x00000000ecc00000,0x00000000edb00000,0x00000000edb00000)
  from space 5120K, 30% used [0x00000000ee100000,0x00000000ee288950,0x00000000ee600000)
  to   space 5632K, 0% used [0x00000000edb00000,0x00000000edb00000,0x00000000ee080000)
 ParOldGen       total 49664K, used 14187K [0x00000000c6400000, 0x00000000c9480000, 0x00000000ecc00000)
  object space 49664K, 28% used [0x00000000c6400000,0x00000000c71dada8,0x00000000c9480000)
 Metaspace       used 14372K, capacity 14580K, committed 14848K, reserved 1062912K
  class space    used 1888K, capacity 1968K, committed 2048K, reserved 1048576K
Event: 2039.352 GC heap after
Heap after GC invocations=28 (full 1):
 PSYoungGen      total 20992K, used 1506K [0x00000000ecc00000, 0x00000000ee600000, 0x0000000100000000)
  eden space 15360K, 0% used [0x00000000ecc00000,0x00000000ecc00000,0x00000000edb00000)
  from space 5632K, 26% used [0x00000000edb00000,0x00000000edc78950,0x00000000ee080000)
  to   space 5632K, 0% used [0x00000000ee080000,0x00000000ee080000,0x00000000ee600000)
 ParOldGen       total 49664K, used 14251K [0x00000000c6400000, 0x00000000c9480000, 0x00000000ecc00000)
  object space 49664K, 28% used [0x00000000c6400000,0x00000000c71eada8,0x00000000c9480000)
 Metaspace       used 14372K, capacity 14580K, committed 14848K, reserved 1062912K
  class space    used 1888K, capacity 1968K, committed 2048K, reserved 1048576K
}
Event: 2131.108 GC heap before
{Heap before GC invocations=29 (full 1):
 PSYoungGen      total 20992K, used 16866K [0x00000000ecc00000, 0x00000000ee600000, 0x0000000100000000)
  eden space 15360K, 100% used [0x00000000ecc00000,0x00000000edb00000,0x00000000edb00000)
  from space 5632K, 26% used [0x00000000edb00000,0x00000000edc78950,0x00000000ee080000)
  to   space 5632K, 0% used [0x00000000ee080000,0x00000000ee080000,0x00000000ee600000)
 ParOldGen       total 49664K, used 14251K [0x00000000c6400000, 0x00000000c9480000, 0x00000000ecc00000)
  object space 49664K, 28% used [0x00000000c6400000,0x00000000c71eada8,0x00000000c9480000)
 Metaspace       used 14372K, capacity 14580K, committed 14848K, reserved 1062912K
  class space    used 1888K, capacity 1968K, committed 2048K, reserved 1048576K
Event: 2131.111 GC heap after
Heap after GC invocations=29 (full 1):
 PSYoungGen      total 19968K, used 1538K [0x00000000ecc00000, 0x00000000ee500000, 0x0000000100000000)
  eden space 15360K, 0% used [0x00000000ecc00000,0x00000000ecc00000,0x00000000edb00000)
  from space 4608K, 33% used [0x00000000ee080000,0x00000000ee200950,0x00000000ee500000)
  to   space 5120K, 0% used [0x00000000edb00000,0x00000000edb00000,0x00000000ee000000)
 ParOldGen       total 49664K, used 14315K [0x00000000c6400000, 0x00000000c9480000, 0x00000000ecc00000)
  object space 49664K, 28% used [0x00000000c6400000,0x00000000c71fada8,0x00000000c9480000)
 Metaspace       used 14372K, capacity 14580K, committed 14848K, reserved 1062912K
  class space    used 1888K, capacity 1968K, committed 2048K, reserved 1048576K
}
Event: 2218.223 GC heap before
{Heap before GC invocations=30 (full 1):
 PSYoungGen      total 19968K, used 16898K [0x00000000ecc00000, 0x00000000ee500000, 0x0000000100000000)
  eden space 15360K, 100% used [0x00000000ecc00000,0x00000000edb00000,0x00000000edb00000)
  from space 4608K, 33% used [0x00000000ee080000,0x00000000ee200950,0x00000000ee500000)
  to   space 5120K, 0% used [0x00000000edb00000,0x00000000edb00000,0x00000000ee000000)
 ParOldGen       total 49664K, used 14315K [0x00000000c6400000, 0x00000000c9480000, 0x00000000ecc00000)
  object space 49664K, 28% used [0x00000000c6400000,0x00000000c71fada8,0x00000000c9480000)
 Metaspace       used 14372K, capacity 14580K, committed 14848K, reserved 1062912K
  class space    used 1888K, capacity 1968K, committed 2048K, reserved 1048576K
Event: 2218.225 GC heap after
Heap after GC invocations=30 (full 1):
 PSYoungGen      total 20480K, used 1506K [0x00000000ecc00000, 0x00000000ee500000, 0x0000000100000000)
  eden space 15360K, 0% used [0x00000000ecc00000,0x00000000ecc00000,0x00000000edb00000)
  from space 5120K, 29% used [0x00000000edb00000,0x00000000edc78950,0x00000000ee000000)
  to   space 5120K, 0% used [0x00000000ee000000,0x00000000ee000000,0x00000000ee500000)
 ParOldGen       total 49664K, used 14379K [0x00000000c6400000, 0x00000000c9480000, 0x00000000ecc00000)
  object space 49664K, 28% used [0x00000000c6400000,0x00000000c720ada8,0x00000000c9480000)
 Metaspace       used 14372K, capacity 14580K, committed 14848K, reserved 1062912K
  class space    used 1888K, capacity 1968K, committed 2048K, reserved 1048576K
}

