# JRE version: Java(TM) SE Runtime Environment (8.0_40-b26) (build 1.8.0_40-b26)
# Java VM: Java HotSpot(TM) 64-Bit Server VM (25.40-b25 mixed mode windows-amd64 compressed oops)
Heap:
 PSYoungGen      total 19968K, used 8395K [0x00000000ecc00000, 0x00000000ee400000, 0x0000000100000000)
  eden space 15360K, 38% used [0x00000000ecc00000,0x00000000ed1b7a80,0x00000000edb00000)
  from space 4608K, 55% used [0x00000000edf80000,0x00000000ee1fb380,0x00000000ee400000)
  to   space 4608K, 0% used [0x00000000edb00000,0x00000000edb00000,0x00000000edf80000)
 ParOldGen       total 49152K, used 14824K [0x00000000c6400000, 0x00000000c9400000, 0x00000000ecc00000)
  object space 49152K, 30% used [0x00000000c6400000,0x00000000c727a270,0x00000000c9400000)
 Metaspace       used 14328K, capacity 14548K, committed 14848K, reserved 1062912K
  class space    used 1881K, capacity 1936K, committed 2048K, reserved 1048576K
GC Heap History (10 events):
Event: 2418.670 GC heap before
{Heap before GC invocations=35 (full 1):
 PSYoungGen      total 19968K, used 17988K [0x00000000ecc00000, 0x00000000ee400000, 0x0000000100000000)
  eden space 15360K, 100% used [0x00000000ecc00000,0x00000000edb00000,0x00000000edb00000)
  from space 4608K, 57% used [0x00000000edb00000,0x00000000edd91388,0x00000000edf80000)
  to   space 4608K, 0% used [0x00000000edf80000,0x00000000edf80000,0x00000000ee400000)
 ParOldGen       total 49152K, used 14504K [0x00000000c6400000, 0x00000000c9400000, 0x00000000ecc00000)
  object space 49152K, 29% used [0x00000000c6400000,0x00000000c722a268,0x00000000c9400000)
 Metaspace       used 14328K, capacity 14548K, committed 14848K, reserved 1062912K
  class space    used 1881K, capacity 1936K, committed 2048K, reserved 1048576K
Event: 2418.673 GC heap after
Heap after GC invocations=35 (full 1):
 PSYoungGen      total 19968K, used 2540K [0x00000000ecc00000, 0x00000000ee400000, 0x0000000100000000)
  eden space 15360K, 0% used [0x00000000ecc00000,0x00000000ecc00000,0x00000000edb00000)
  from space 4608K, 55% used [0x00000000edf80000,0x00000000ee1fb380,0x00000000ee400000)
  to   space 4608K, 0% used [0x00000000edb00000,0x00000000edb00000,0x00000000edf80000)
 ParOldGen       total 49152K, used 14560K [0x00000000c6400000, 0x00000000c9400000, 0x00000000ecc00000)
  object space 49152K, 29% used [0x00000000c6400000,0x00000000c7238268,0x00000000c9400000)
 Metaspace       used 14328K, capacity 14548K, committed 14848K, reserved 1062912K
  class space    used 1881K, capacity 1936K, committed 2048K, reserved 1048576K
}
Event: 2468.917 GC heap before
{Heap before GC invocations=36 (full 1):
 PSYoungGen      total 19968K, used 17900K [0x00000000ecc00000, 0x00000000ee400000, 0x0000000100000000)
  eden space 15360K, 100% used [0x00000000ecc00000,0x00000000edb00000,0x00000000edb00000)
  from space 4608K, 55% used [0x00000000edf80000,0x00000000ee1fb380,0x00000000ee400000)
  to   space 4608K, 0% used [0x00000000edb00000,0x00000000edb00000,0x00000000edf80000)
 ParOldGen       total 49152K, used 14560K [0x00000000c6400000, 0x00000000c9400000, 0x00000000ecc00000)
  object space 49152K, 29% used [0x00000000c6400000,0x00000000c7238268,0x00000000c9400000)
 Metaspace       used 14328K, capacity 14548K, committed 14848K, reserved 1062912K
  class space    used 1881K, capacity 1936K, committed 2048K, reserved 1048576K
Event: 2468.919 GC heap after
Heap after GC invocations=36 (full 1):
 PSYoungGen      total 19968K, used 2596K [0x00000000ecc00000, 0x00000000ee400000, 0x0000000100000000)
  eden space 15360K, 0% used [0x00000000ecc00000,0x00000000ecc00000,0x00000000edb00000)
  from space 4608K, 56% used [0x00000000edb00000,0x00000000edd89388,0x00000000edf80000)
  to   space 4608K, 0% used [0x00000000edf80000,0x00000000edf80000,0x00000000ee400000)
 ParOldGen       total 49152K, used 14624K [0x00000000c6400000, 0x00000000c9400000, 0x00000000ecc00000)
  object space 49152K, 29% used [0x00000000c6400000,0x00000000c7248268,0x00000000c9400000)
 Metaspace       used 14328K, capacity 14548K, committed 14848K, reserved 1062912K
  class space    used 1881K, capacity 1936K, committed 2048K, reserved 1048576K
}
Event: 2545.168 GC heap before
{Heap before GC invocations=37 (full 1):
 PSYoungGen      total 19968K, used 17956K [0x00000000ecc00000, 0x00000000ee400000, 0x0000000100000000)
  eden space 15360K, 100% used [0x00000000ecc00000,0x00000000edb00000,0x00000000edb00000)
  from space 4608K, 56% used [0x00000000edb00000,0x00000000edd89388,0x00000000edf80000)
  to   space 4608K, 0% used [0x00000000edf80000,0x00000000edf80000,0x00000000ee400000)
 ParOldGen       total 49152K, used 14624K [0x00000000c6400000, 0x00000000c9400000, 0x00000000ecc00000)
  object space 49152K, 29% used [0x00000000c6400000,0x00000000c7248268,0x00000000c9400000)
 Metaspace       used 14328K, capacity 14548K, committed 14848K, reserved 1062912K
  class space    used 1881K, capacity 1936K, committed 2048K, reserved 1048576K
Event: 2545.171 GC heap after
Heap after GC invocations=37 (full 1):
 PSYoungGen      total 19968K, used 2564K [0x00000000ecc00000, 0x00000000ee400000, 0x0000000100000000)
  eden space 15360K, 0% used [0x00000000ecc00000,0x00000000ecc00000,0x00000000edb00000)
  from space 4608K, 55% used [0x00000000edf80000,0x00000000ee201388,0x00000000ee400000)
  to   space 4608K, 0% used [0x00000000edb00000,0x00000000edb00000,0x00000000edf80000)
 ParOldGen       total 49152K, used 14688K [0x00000000c6400000, 0x00000000c9400000, 0x00000000ecc00000)
  object space 49152K, 29% used [0x00000000c6400000,0x00000000c7258268,0x00000000c9400000)
 Metaspace       used 14328K, capacity 14548K, committed 14848K, reserved 1062912K
  class space    used 1881K, capacity 1936K, committed 2048K, reserved 1048576K
}
Event: 2607.482 GC heap before
{Heap before GC invocations=38 (full 1):
 PSYoungGen      total 19968K, used 17924K [0x00000000ecc00000, 0x00000000ee400000, 0x0000000100000000)
  eden space 15360K, 100% used [0x00000000ecc00000,0x00000000edb00000,0x00000000edb00000)
  from space 4608K, 55% used [0x00000000edf80000,0x00000000ee201388,0x00000000ee400000)
  to   space 4608K, 0% used [0x00000000edb00000,0x00000000edb00000,0x00000000edf80000)
 ParOldGen       total 49152K, used 14688K [0x00000000c6400000, 0x00000000c9400000, 0x00000000ecc00000)
  object space 49152K, 29% used [0x00000000c6400000,0x00000000c7258268,0x00000000c9400000)
 Metaspace       used 14328K, capacity 14548K, committed 14848K, reserved 1062912K
  class space    used 1881K, capacity 1936K, committed 2048K, reserved 1048576K
Event: 2607.484 GC heap after
Heap after GC invocations=38 (full 1):
 PSYoungGen      total 19968K, used 2596K [0x00000000ecc00000, 0x00000000ee400000, 0x0000000100000000)
  eden space 15360K, 0% used [0x00000000ecc00000,0x00000000ecc00000,0x00000000edb00000)
  from space 4608K, 56% used [0x00000000edb00000,0x00000000edd89388,0x00000000edf80000)
  to   space 4608K, 0% used [0x00000000edf80000,0x00000000edf80000,0x00000000ee400000)
 ParOldGen       total 49152K, used 14744K [0x00000000c6400000, 0x00000000c9400000, 0x00000000ecc00000)
  object space 49152K, 29% used [0x00000000c6400000,0x00000000c7266268,0x00000000c9400000)
 Metaspace       used 14328K, capacity 14548K, committed 14848K, reserved 1062912K
  class space    used 1881K, capacity 1936K, committed 2048K, reserved 1048576K
}
Event: 2671.978 GC heap before
{Heap before GC invocations=39 (full 1):
 PSYoungGen      total 19968K, used 17956K [0x00000000ecc00000, 0x00000000ee400000, 0x0000000100000000)
  eden space 15360K, 100% used [0x00000000ecc00000,0x00000000edb00000,0x00000000edb00000)
  from space 4608K, 56% used [0x00000000edb00000,0x00000000edd89388,0x00000000edf80000)
  to   space 4608K, 0% used [0x00000000edf80000,0x00000000edf80000,0x00000000ee400000)
 ParOldGen       total 49152K, used 14744K [0x00000000c6400000, 0x00000000c9400000, 0x00000000ecc00000)
  object space 49152K, 29% used [0x00000000c6400000,0x00000000c7266268,0x00000000c9400000)
 Metaspace       used 14328K, capacity 14548K, committed 14848K, reserved 1062912K
  class space    used 1881K, capacity 1936K, committed 2048K, reserved 1048576K
Event: 2671.980 GC heap after
Heap after GC invocations=39 (full 1):
 PSYoungGen      total 19968K, used 2540K [0x00000000ecc00000, 0x00000000ee400000, 0x0000000100000000)
  eden space 15360K, 0% used [0x00000000ecc00000,0x00000000ecc00000,0x00000000edb00000)
  from space 4608K, 55% used [0x00000000edf80000,0x00000000ee1fb380,0x00000000ee400000)
  to   space 4608K, 0% used [0x00000000edb00000,0x00000000edb00000,0x00000000edf80000)
 ParOldGen       total 49152K, used 14824K [0x00000000c6400000, 0x00000000c9400000, 0x00000000ecc00000)
  object space 49152K, 30% used [0x00000000c6400000,0x00000000c727a270,0x00000000c9400000)
 Metaspace       used 14328K, capacity 14548K, committed 14848K, reserved 1062912K
  class space    used 1881K, capacity 1936K, committed 2048K, reserved 1048576K
}

